[INFO  - 2017-12-24T09:26:09.010Z] GhostDriver - Main - running on port 53430
[INFO  - 2017-12-24T09:26:12.210Z] Session [7b6e9680-e88c-11e7-bf70-97ecee10ff6f] - page.settings - {"XSSAuditingEnabled":false,"javascriptCanCloseWindows":true,"javascriptCanOpenWindows":true,"javascriptEnabled":true,"loadImages":true,"localToRemoteUrlAccessEnabled":false,"userAgent":"Mozilla/5.0 (Windows NT 6.2; WOW64) AppleWebKit/538.1 (KHTML, like Gecko) PhantomJS/2.1.1 Safari/538.1","webSecurityEnabled":true}
[INFO  - 2017-12-24T09:26:12.210Z] Session [7b6e9680-e88c-11e7-bf70-97ecee10ff6f] - page.customHeaders:  - {}
[INFO  - 2017-12-24T09:26:12.210Z] Session [7b6e9680-e88c-11e7-bf70-97ecee10ff6f] - Session.negotiatedCapabilities - {"browserName":"phantomjs","version":"2.1.1","driverName":"ghostdriver","driverVersion":"1.2.0","platform":"windows-8.1-32bit","javascriptEnabled":true,"takesScreenshot":true,"handlesAlerts":false,"databaseEnabled":false,"locationContextEnabled":false,"applicationCacheEnabled":false,"browserConnectionEnabled":false,"cssSelectorsEnabled":true,"webStorageEnabled":false,"rotatable":false,"acceptSslCerts":false,"nativeEvents":true,"proxy":{"proxyType":"direct"}}
[INFO  - 2017-12-24T09:26:12.210Z] SessionManagerReqHand - _postNewSessionCommand - New Session Created: 7b6e9680-e88c-11e7-bf70-97ecee10ff6f
[ERROR - 2017-12-24T09:26:15.578Z] Session [7b6e9680-e88c-11e7-bf70-97ecee10ff6f] - page.onError - msg: TypeError: undefined is not an object (evaluating '_0x49e92f[_0x32dc('0x14b')][_0x32dc('0x120')]')

  phantomjs://platform/console++.js:263 in error
[ERROR - 2017-12-24T09:26:15.578Z] Session [7b6e9680-e88c-11e7-bf70-97ecee10ff6f] - page.onError - stack:
  onMessageHuobiPro (https://inagoflyer.appspot.com/js/btcmac-min.1.9.js:1)

  phantomjs://platform/console++.js:263 in error
[ERROR - 2017-12-24T09:26:16.009Z] Session [7b6e9680-e88c-11e7-bf70-97ecee10ff6f] - page.onError - msg: TypeError: undefined is not an object (evaluating 'this[_0x32dc('0x68')]['removeRows']')

  phantomjs://platform/console++.js:263 in error
[ERROR - 2017-12-24T09:26:16.009Z] Session [7b6e9680-e88c-11e7-bf70-97ecee10ff6f] - page.onError - stack:
  update (https://inagoflyer.appspot.com/js/btcmac-min.1.9.js:1)

  phantomjs://platform/console++.js:263 in error
[ERROR - 2017-12-24T09:26:17.016Z] Session [7b6e9680-e88c-11e7-bf70-97ecee10ff6f] - page.onError - msg: TypeError: undefined is not an object (evaluating 'this[_0x32dc('0x68')]['removeRows']')

  phantomjs://platform/console++.js:263 in error
[ERROR - 2017-12-24T09:26:17.016Z] Session [7b6e9680-e88c-11e7-bf70-97ecee10ff6f] - page.onError - stack:
  update (https://inagoflyer.appspot.com/js/btcmac-min.1.9.js:1)

  phantomjs://platform/console++.js:263 in error
